2025-07-24 18:10:00 | DEBUG | repo=auction | action=commit
2025-07-15 19:36:00 | INFO | repo=auction | action=edit | files=5
2025-04-05 18:55:00 | DEBUG | repo=auction | action=commit
2025-12-16 18:40:00 | INFO | repo=auction | action=commit
2025-09-13 15:30:00 | INFO | repo=auction | action=commit
2025-07-26 16:20:00 | INFO | repo=auction | action=commit
2025-02-04 15:32:00 | WARN | repo=auction | action=commit
2025-09-20 13:31:00 | DEBUG | repo=auction | action=test | passed=true
2025-09-17 15:12:00 | INFO | repo=auction | action=commit
2025-04-03 09:27:00 | DEBUG | repo=auction | action=commit
2025-11-01 07:59:00 | WARN | repo=auction | action=commit
2025-04-10 14:33:00 | WARN | repo=auction | action=pull
2025-06-22 21:21:00 | INFO | repo=auction | action=edit | files=5
2025-10-13 15:34:00 | INFO | repo=auction | action=commit
2025-04-26 10:47:00 | DEBUG | repo=auction | action=pull
2025-04-19 18:38:00 | INFO | repo=auction | action=edit | files=4
2025-05-11 18:51:00 | DEBUG | repo=auction | action=commit
2025-04-17 08:47:00 | INFO | repo=auction | action=commit
2025-02-01 13:25:00 | DEBUG | repo=auction | action=commit
2025-08-09 08:30:00 | INFO | repo=auction | action=commit
2025-05-15 21:57:00 | DEBUG | repo=auction | action=commit
2025-03-13 21:06:00 | WARN | repo=auction | action=commit
2025-05-21 08:29:00 | WARN | repo=auction | action=commit
2025-07-05 09:47:00 | DEBUG | repo=auction | action=commit
